<?xml version="1.0" encoding="UTF-8"?>
<!-- Generated by org.testng.reporters.JUnitReportReporter -->
<testsuite skipped="0" hostname="DESKTOP-K1HE33L" name="com.selenium.maven.AprilSeleniumMaven2pm.TC_002_1" tests="1" failures="0" timestamp="23 Jun 2020 17:15:27 GMT" time="20.823" errors="0">
  <testcase name="amazon" time="20.823" classname="com.selenium.maven.AprilSeleniumMaven2pm.TC_002_1"/>
</testsuite> <!-- com.selenium.maven.AprilSeleniumMaven2pm.TC_002_1 -->
