<?xml version="1.0" encoding="UTF-8"?>
<!-- Generated by org.testng.reporters.JUnitReportReporter -->
<testsuite skipped="0" hostname="DESKTOP-K1HE33L" name="com.selenium.parallalexcution.TC_003_ParallalMethod" tests="1" failures="0" timestamp="21 Jun 2020 18:04:15 GMT" time="13.237" errors="0">
  <testcase name="test1" time="13.237" classname="com.selenium.parallalexcution.TC_003_ParallalMethod"/>
</testsuite> <!-- com.selenium.parallalexcution.TC_003_ParallalMethod -->
