<?xml version="1.0" encoding="UTF-8"?>
<!-- Generated by org.testng.reporters.JUnitReportReporter -->
<testsuite skipped="0" hostname="DESKTOP-K1HE33L" name="com.selenium.parallelexcution.TC_003_ParallelMethod" tests="2" failures="0" timestamp="30 Jun 2020 09:15:43 GMT" time="37.074" errors="0">
  <testcase name="test1" time="18.537" classname="com.selenium.parallelexcution.TC_003_ParallelMethod"/>
  <testcase name="test2" time="18.537" classname="com.selenium.parallelexcution.TC_003_ParallelMethod"/>
</testsuite> <!-- com.selenium.parallelexcution.TC_003_ParallelMethod -->
