<?xml version="1.0" encoding="UTF-8"?>
<!-- Generated by org.testng.reporters.JUnitReportReporter -->
<testsuite skipped="0" hostname="DESKTOP-K1HE33L" name="com.selenium.maven.AprilSeleniumMaven2pm.TestNG_TC001" tests="1" failures="0" timestamp="18 Jun 2020 00:00:02 GMT" time="0.019" errors="0">
  <testcase name="f" time="0.019" classname="com.selenium.maven.AprilSeleniumMaven2pm.TestNG_TC001"/>
</testsuite> <!-- com.selenium.maven.AprilSeleniumMaven2pm.TestNG_TC001 -->
