<?xml version="1.0" encoding="UTF-8"?>
<!-- Generated by org.testng.reporters.JUnitReportReporter -->
<testsuite skipped="1" hostname="DESKTOP-K1HE33L" name="com.selenium.maven.AprilSeleniumMaven2pm.TC_001_1" tests="3" failures="0" timestamp="29 Jul 2020 15:32:41 GMT" time="0.015" errors="0">
  <testcase name="f" time="0.010" classname="com.selenium.maven.AprilSeleniumMaven2pm.TC_001_1"/>
  <testcase name="s" time="0.005" classname="com.selenium.maven.AprilSeleniumMaven2pm.TC_001_1"/>
  <testcase name="d" classname="com.selenium.maven.AprilSeleniumMaven2pm.TC_001_1">
    <skipped/>
  </testcase> <!-- d -->
</testsuite> <!-- com.selenium.maven.AprilSeleniumMaven2pm.TC_001_1 -->
