<?xml version="1.0" encoding="UTF-8"?>
<!-- Generated by org.testng.reporters.JUnitReportReporter -->
<testsuite skipped="0" hostname="DESKTOP-K1HE33L" name="com.selenium.maven.pageObjectFactory.CreateLogin" tests="1" failures="0" timestamp="03 Jul 2020 12:45:17 GMT" time="27.545" errors="0">
  <testcase name="CreatePage" time="27.545" classname="com.selenium.maven.pageObjectFactory.CreateLogin"/>
</testsuite> <!-- com.selenium.maven.pageObjectFactory.CreateLogin -->
