<?xml version="1.0" encoding="UTF-8"?>
<!-- Generated by org.testng.reporters.JUnitReportReporter -->
<testsuite skipped="0" hostname="DESKTOP-K1HE33L" name="suiteA.TestA2" tests="1" failures="0" timestamp="28 Jun 2020 18:49:47 GMT" time="3.011" errors="0">
  <testcase name="f" time="3.011" classname="suiteA.TestA2"/>
</testsuite> <!-- suiteA.TestA2 -->
