<?xml version="1.0" encoding="UTF-8"?>
<!-- Generated by org.testng.reporters.JUnitReportReporter -->
<testsuite skipped="0" hostname="DESKTOP-K1HE33L" name="com.selenium.runTHROUGHXML.LinksTesting1" tests="1" failures="0" timestamp="25 Jun 2020 17:07:14 GMT" time="13.431" errors="0">
  <testcase name="linktesting1" time="13.431" classname="com.selenium.runTHROUGHXML.LinksTesting1"/>
</testsuite> <!-- com.selenium.runTHROUGHXML.LinksTesting1 -->
