<?xml version="1.0" encoding="UTF-8"?>
<!-- Generated by org.testng.reporters.JUnitReportReporter -->
<testsuite skipped="0" hostname="DESKTOP-K1HE33L" name="group.regression.all.RadioButton1" tests="1" failures="0" timestamp="28 Jun 2020 19:16:27 GMT" time="8.586" errors="0">
  <testcase name="radioButton" time="8.586" classname="group.regression.all.RadioButton1"/>
</testsuite> <!-- group.regression.all.RadioButton1 -->
