<?xml version="1.0" encoding="UTF-8"?>
<!-- Generated by org.testng.reporters.JUnitReportReporter -->
<testsuite skipped="0" hostname="DESKTOP-K1HE33L" name="com.selenium.runTHROUGHXML.TC_002" tests="1" failures="0" timestamp="25 Jun 2020 17:07:14 GMT" time="19.785" errors="0">
  <testcase name="amazon" time="19.785" classname="com.selenium.runTHROUGHXML.TC_002"/>
</testsuite> <!-- com.selenium.runTHROUGHXML.TC_002 -->
