<?xml version="1.0" encoding="UTF-8"?>
<!-- Generated by org.testng.reporters.JUnitReportReporter -->
<testsuite skipped="0" hostname="DESKTOP-K1HE33L" name="com.selenium.maven.AprilSeleniumMaven2pm.LinksTesting1" tests="1" failures="0" timestamp="25 Jun 2020 16:17:12 GMT" time="11.997" errors="0">
  <testcase name="linktesting1" time="11.997" classname="com.selenium.maven.AprilSeleniumMaven2pm.LinksTesting1"/>
</testsuite> <!-- com.selenium.maven.AprilSeleniumMaven2pm.LinksTesting1 -->
