<?xml version="1.0" encoding="UTF-8"?>
<!-- Generated by org.testng.reporters.JUnitReportReporter -->
<testsuite skipped="0" hostname="DESKTOP-K1HE33L" name="group.regression.all.LinksTesting1" tests="1" failures="0" timestamp="28 Jun 2020 19:16:27 GMT" time="15.267" errors="0">
  <testcase name="linktesting1" time="15.267" classname="group.regression.all.LinksTesting1"/>
</testsuite> <!-- group.regression.all.LinksTesting1 -->
