<?xml version="1.0" encoding="UTF-8"?>
<!-- Generated by org.testng.reporters.JUnitReportReporter -->
<testsuite skipped="0" hostname="DESKTOP-K1HE33L" name="excelOperations.DataProviderDemo" tests="2" failures="0" timestamp="24 Jul 2020 19:01:39 GMT" time="0.017" errors="0">
  <testcase name="f" time="0.015" classname="excelOperations.DataProviderDemo"/>
  <testcase name="f" time="0.002" classname="excelOperations.DataProviderDemo"/>
</testsuite> <!-- excelOperations.DataProviderDemo -->
