<?xml version="1.0" encoding="UTF-8"?>
<!-- Generated by org.testng.reporters.JUnitReportReporter -->
<testsuite skipped="1" hostname="DESKTOP-K1HE33L" name="com.selenium.maven.pageObjectFactory.RegistrationLogin" tests="2" failures="0" timestamp="08 Jul 2020 23:11:31 GMT" time="38.919" errors="0">
  <testcase name="custRegistration" time="38.919" classname="com.selenium.maven.pageObjectFactory.RegistrationLogin"/>
  <testcase name="login" classname="com.selenium.maven.pageObjectFactory.RegistrationLogin">
    <skipped/>
  </testcase> <!-- login -->
</testsuite> <!-- com.selenium.maven.pageObjectFactory.RegistrationLogin -->
