<?xml version="1.0" encoding="UTF-8"?>
<!-- Generated by org.testng.reporters.JUnitReportReporter -->
<testsuite skipped="0" hostname="DESKTOP-K1HE33L" name="com.selenium.maven.pageObjectFactory.Login" tests="1" failures="0" timestamp="03 Jul 2020 12:57:03 GMT" time="16.098" errors="0">
  <testcase name="myLogin" time="16.098" classname="com.selenium.maven.pageObjectFactory.Login"/>
</testsuite> <!-- com.selenium.maven.pageObjectFactory.Login -->
