<?xml version="1.0" encoding="UTF-8"?>
<!-- Generated by org.testng.reporters.JUnitReportReporter -->
<testsuite skipped="0" hostname="DESKTOP-K1HE33L" name="suiteA.TestA1" tests="1" failures="0" timestamp="28 Jun 2020 18:49:47 GMT" time="3.001" errors="0">
  <testcase name="f" time="3.001" classname="suiteA.TestA1"/>
</testsuite> <!-- suiteA.TestA1 -->
