<?xml version="1.0" encoding="UTF-8"?>
<!-- Generated by org.testng.reporters.JUnitReportReporter -->
<testsuite skipped="0" hostname="DESKTOP-K1HE33L" name="com.selenium.maven.AprilSeleniumMaven2pm.TC_001" tests="1" failures="0" timestamp="23 Jun 2020 16:23:26 GMT" time="0.020" errors="0">
  <testcase name="amazon" time="0.020" classname="com.selenium.maven.AprilSeleniumMaven2pm.TC_001"/>
</testsuite> <!-- com.selenium.maven.AprilSeleniumMaven2pm.TC_001 -->
