<?xml version="1.0" encoding="UTF-8"?>
<!-- Generated by org.testng.reporters.JUnitReportReporter -->
<testsuite skipped="0" hostname="DESKTOP-K1HE33L" name="group.regression.all.TC_002" tests="1" failures="0" timestamp="29 Jul 2020 15:38:51 GMT" time="25.842" errors="0">
  <testcase name="amazon" time="25.842" classname="group.regression.all.TC_002"/>
</testsuite> <!-- group.regression.all.TC_002 -->
