<?xml version="1.0" encoding="UTF-8"?>
<!-- Generated by org.testng.reporters.JUnitReportReporter -->
<testsuite skipped="0" hostname="DESKTOP-K1HE33L" name="group.regression.all.TC_002" tests="1" failures="0" timestamp="29 Jul 2020 16:44:56 GMT" time="23.671" errors="0">
  <testcase name="amazon" time="23.671" classname="group.regression.all.TC_002"/>
</testsuite> <!-- group.regression.all.TC_002 -->
